0 info it worked if it ends with ok
1 verbose cli [ '/usr/bin/node', '/usr/bin/npm', 'start' ]
2 info using npm@1.2.32
3 info using node@v0.10.12
4 verbose node symlink /usr/bin/node
5 verbose read json /home/jean/Projects/siteExpress/package.json
6 warn package.json jeanambait.com in express@0.0.1 No repository field.
7 warn package.json jeanambait.com in express@0.0.1 No readme data.
8 error Error: Invalid name: "jeanambait.com in express"
8 error     at ensureValidName (/usr/lib/node_modules/npm/node_modules/read-package-json/node_modules/normalize-package-data/lib/fixer.js:179:15)
8 error     at Object.module.exports.fixNameField (/usr/lib/node_modules/npm/node_modules/read-package-json/node_modules/normalize-package-data/lib/fixer.js:104:5)
8 error     at /usr/lib/node_modules/npm/node_modules/read-package-json/node_modules/normalize-package-data/lib/normalize.js:28:38
8 error     at Array.forEach (native)
8 error     at normalize (/usr/lib/node_modules/npm/node_modules/read-package-json/node_modules/normalize-package-data/lib/normalize.js:27:15)
8 error     at final (/usr/lib/node_modules/npm/node_modules/read-package-json/read-json.js:304:33)
8 error     at then (/usr/lib/node_modules/npm/node_modules/read-package-json/read-json.js:118:48)
8 error     at /usr/lib/node_modules/npm/node_modules/read-package-json/read-json.js:278:48
8 error     at fs.js:207:20
8 error     at Object.oncomplete (fs.js:107:15)
9 error If you need help, you may report this log at:
9 error     <http://github.com/isaacs/npm/issues>
9 error or email it to:
9 error     <npm-@googlegroups.com>
10 error System Linux 3.2.0-48-generic-pae
11 error command "/usr/bin/node" "/usr/bin/npm" "start"
12 error cwd /home/jean/Projects/siteExpress
13 error node -v v0.10.12
14 error npm -v 1.2.32
15 verbose exit [ 1, true ]
